[debug] [2026-03-27T04:30:13.670Z] > command requires scopes: ["email","openid","https://www.googleapis.com/auth/cloudplatformprojects.readonly","https://www.googleapis.com/auth/firebase","https://www.googleapis.com/auth/cloud-platform"]
[debug] [2026-03-27T04:30:13.673Z] > command requires scopes: ["email","openid","https://www.googleapis.com/auth/cloudplatformprojects.readonly","https://www.googleapis.com/auth/firebase","https://www.googleapis.com/auth/cloud-platform"]
[debug] [2026-03-27T04:30:13.671Z] > authorizing via signed-in user (kssong@puzzleone.com)
[debug] [2026-03-27T04:30:13.672Z] Checked if tokens are valid: false, expires at: 1774570630874
[debug] [2026-03-27T04:30:13.672Z] Checked if tokens are valid: false, expires at: 1774570630874
[debug] [2026-03-27T04:30:13.672Z] > refreshing access token with scopes: []
[debug] [2026-03-27T04:30:13.673Z] >>> [apiv2][query] POST https://www.googleapis.com/oauth2/v3/token [none]
[debug] [2026-03-27T04:30:13.673Z] >>> [apiv2][body] POST https://www.googleapis.com/oauth2/v3/token [omitted]
[debug] [2026-03-27T04:30:13.675Z] > authorizing via signed-in user (kssong@puzzleone.com)
[debug] [2026-03-27T04:30:13.675Z] Checked if tokens are valid: false, expires at: 1774570630874
[debug] [2026-03-27T04:30:13.675Z] Checked if tokens are valid: false, expires at: 1774570630874
[debug] [2026-03-27T04:30:13.676Z] > refreshing access token with scopes: []
[debug] [2026-03-27T04:30:13.677Z] >>> [apiv2][query] POST https://www.googleapis.com/oauth2/v3/token [none]
[debug] [2026-03-27T04:30:13.677Z] >>> [apiv2][body] POST https://www.googleapis.com/oauth2/v3/token [omitted]
[debug] [2026-03-27T04:30:13.878Z] <<< [apiv2][status] POST https://www.googleapis.com/oauth2/v3/token 200
[debug] [2026-03-27T04:30:13.878Z] <<< [apiv2][body] POST https://www.googleapis.com/oauth2/v3/token [omitted]
[debug] [2026-03-27T04:30:13.900Z] >>> [apiv2][query] GET https://cloudbilling.googleapis.com/v1/projects/bubble-pop-shoot-bubbles/billingInfo [none]
[debug] [2026-03-27T04:30:13.947Z] <<< [apiv2][status] POST https://www.googleapis.com/oauth2/v3/token 200
[debug] [2026-03-27T04:30:13.947Z] <<< [apiv2][body] POST https://www.googleapis.com/oauth2/v3/token [omitted]
[debug] [2026-03-27T04:30:13.967Z] >>> [apiv2][query] GET https://cloudbilling.googleapis.com/v1/projects/bubble-pop-shoot-bubbles/billingInfo [none]
[debug] [2026-03-27T04:30:14.368Z] <<< [apiv2][status] GET https://cloudbilling.googleapis.com/v1/projects/bubble-pop-shoot-bubbles/billingInfo 200
[debug] [2026-03-27T04:30:14.368Z] <<< [apiv2][body] GET https://cloudbilling.googleapis.com/v1/projects/bubble-pop-shoot-bubbles/billingInfo {"name":"projects/bubble-pop-shoot-bubbles/billingInfo","projectId":"bubble-pop-shoot-bubbles","billingAccountName":"billingAccounts/0178F5-FA5BEF-DFFF78","billingEnabled":true}
[debug] [2026-03-27T04:30:14.385Z] Checked if tokens are valid: true, expires at: 1774589412879
[debug] [2026-03-27T04:30:14.386Z] Checked if tokens are valid: true, expires at: 1774589412879
[debug] [2026-03-27T04:30:14.386Z] Checked if tokens are valid: true, expires at: 1774589412879
[debug] [2026-03-27T04:30:14.386Z] Checked if tokens are valid: true, expires at: 1774589412879
[debug] [2026-03-27T04:30:14.386Z] Checked if tokens are valid: true, expires at: 1774589412879
[debug] [2026-03-27T04:30:14.387Z] Checked if tokens are valid: true, expires at: 1774589412879
[debug] [2026-03-27T04:30:14.387Z] Checked if tokens are valid: true, expires at: 1774589412879
[debug] [2026-03-27T04:30:14.387Z] Checked if tokens are valid: true, expires at: 1774589412879
[debug] [2026-03-27T04:30:14.387Z] Checked if tokens are valid: true, expires at: 1774589412879
[debug] [2026-03-27T04:30:14.387Z] Checked if tokens are valid: true, expires at: 1774589412879
[debug] [2026-03-27T04:30:14.387Z] Checked if tokens are valid: true, expires at: 1774589412879
[debug] [2026-03-27T04:30:14.387Z] Checked if tokens are valid: true, expires at: 1774589412879
[debug] [2026-03-27T04:30:14.388Z] Checked if tokens are valid: true, expires at: 1774589412879
[debug] [2026-03-27T04:30:14.388Z] Checked if tokens are valid: true, expires at: 1774589412879
[debug] [2026-03-27T04:30:14.392Z] Checked if tokens are valid: true, expires at: 1774589412879
[debug] [2026-03-27T04:30:14.392Z] Checked if tokens are valid: true, expires at: 1774589412879
[debug] [2026-03-27T04:30:14.392Z] Checked if tokens are valid: true, expires at: 1774589412879
[debug] [2026-03-27T04:30:14.392Z] Checked if tokens are valid: true, expires at: 1774589412879
[debug] [2026-03-27T04:30:14.392Z] >>> [apiv2][query] GET https://serviceusage.googleapis.com/v1/projects/bubble-pop-shoot-bubbles/services/firestore.googleapis.com [none]
[debug] [2026-03-27T04:30:14.392Z] >>> [apiv2][(partial)header] GET https://serviceusage.googleapis.com/v1/projects/bubble-pop-shoot-bubbles/services/firestore.googleapis.com  x-goog-user-project=bubble-pop-shoot-bubbles
[debug] [2026-03-27T04:30:14.393Z] >>> [apiv2][query] GET https://serviceusage.googleapis.com/v1/projects/bubble-pop-shoot-bubbles/services/storage.googleapis.com [none]
[debug] [2026-03-27T04:30:14.393Z] >>> [apiv2][(partial)header] GET https://serviceusage.googleapis.com/v1/projects/bubble-pop-shoot-bubbles/services/storage.googleapis.com  x-goog-user-project=bubble-pop-shoot-bubbles
[debug] [2026-03-27T04:30:14.393Z] >>> [apiv2][query] GET https://serviceusage.googleapis.com/v1/projects/bubble-pop-shoot-bubbles/services/firebasedataconnect.googleapis.com [none]
[debug] [2026-03-27T04:30:14.393Z] >>> [apiv2][(partial)header] GET https://serviceusage.googleapis.com/v1/projects/bubble-pop-shoot-bubbles/services/firebasedataconnect.googleapis.com  x-goog-user-project=bubble-pop-shoot-bubbles
[debug] [2026-03-27T04:30:14.393Z] >>> [apiv2][query] GET https://serviceusage.googleapis.com/v1/projects/bubble-pop-shoot-bubbles/services/identitytoolkit.googleapis.com [none]
[debug] [2026-03-27T04:30:14.393Z] >>> [apiv2][(partial)header] GET https://serviceusage.googleapis.com/v1/projects/bubble-pop-shoot-bubbles/services/identitytoolkit.googleapis.com  x-goog-user-project=bubble-pop-shoot-bubbles
[debug] [2026-03-27T04:30:14.394Z] >>> [apiv2][query] GET https://serviceusage.googleapis.com/v1/projects/bubble-pop-shoot-bubbles/services/fcm.googleapis.com [none]
[debug] [2026-03-27T04:30:14.394Z] >>> [apiv2][(partial)header] GET https://serviceusage.googleapis.com/v1/projects/bubble-pop-shoot-bubbles/services/fcm.googleapis.com  x-goog-user-project=bubble-pop-shoot-bubbles
[debug] [2026-03-27T04:30:14.394Z] >>> [apiv2][query] GET https://serviceusage.googleapis.com/v1/projects/bubble-pop-shoot-bubbles/services/cloudfunctions.googleapis.com [none]
[debug] [2026-03-27T04:30:14.394Z] >>> [apiv2][(partial)header] GET https://serviceusage.googleapis.com/v1/projects/bubble-pop-shoot-bubbles/services/cloudfunctions.googleapis.com  x-goog-user-project=bubble-pop-shoot-bubbles
[debug] [2026-03-27T04:30:14.394Z] >>> [apiv2][query] GET https://serviceusage.googleapis.com/v1/projects/bubble-pop-shoot-bubbles/services/firebaseremoteconfig.googleapis.com [none]
[debug] [2026-03-27T04:30:14.394Z] >>> [apiv2][(partial)header] GET https://serviceusage.googleapis.com/v1/projects/bubble-pop-shoot-bubbles/services/firebaseremoteconfig.googleapis.com  x-goog-user-project=bubble-pop-shoot-bubbles
[debug] [2026-03-27T04:30:14.395Z] >>> [apiv2][query] GET https://serviceusage.googleapis.com/v1/projects/bubble-pop-shoot-bubbles/services/firebaseapphosting.googleapis.com [none]
[debug] [2026-03-27T04:30:14.395Z] >>> [apiv2][(partial)header] GET https://serviceusage.googleapis.com/v1/projects/bubble-pop-shoot-bubbles/services/firebaseapphosting.googleapis.com  x-goog-user-project=bubble-pop-shoot-bubbles
[debug] [2026-03-27T04:30:14.395Z] >>> [apiv2][query] GET https://serviceusage.googleapis.com/v1/projects/bubble-pop-shoot-bubbles/services/firebaseio.com [none]
[debug] [2026-03-27T04:30:14.395Z] >>> [apiv2][(partial)header] GET https://serviceusage.googleapis.com/v1/projects/bubble-pop-shoot-bubbles/services/firebaseio.com  x-goog-user-project=bubble-pop-shoot-bubbles
[debug] [2026-03-27T04:30:14.453Z] <<< [apiv2][status] GET https://cloudbilling.googleapis.com/v1/projects/bubble-pop-shoot-bubbles/billingInfo 200
[debug] [2026-03-27T04:30:14.453Z] <<< [apiv2][body] GET https://cloudbilling.googleapis.com/v1/projects/bubble-pop-shoot-bubbles/billingInfo {"name":"projects/bubble-pop-shoot-bubbles/billingInfo","projectId":"bubble-pop-shoot-bubbles","billingAccountName":"billingAccounts/0178F5-FA5BEF-DFFF78","billingEnabled":true}
[debug] [2026-03-27T04:30:14.460Z] Checked if tokens are valid: true, expires at: 1774589412947
[debug] [2026-03-27T04:30:14.461Z] Checked if tokens are valid: true, expires at: 1774589412947
[debug] [2026-03-27T04:30:14.461Z] Checked if tokens are valid: true, expires at: 1774589412947
[debug] [2026-03-27T04:30:14.461Z] Checked if tokens are valid: true, expires at: 1774589412947
[debug] [2026-03-27T04:30:14.461Z] Checked if tokens are valid: true, expires at: 1774589412947
[debug] [2026-03-27T04:30:14.461Z] Checked if tokens are valid: true, expires at: 1774589412947
[debug] [2026-03-27T04:30:14.461Z] Checked if tokens are valid: true, expires at: 1774589412947
[debug] [2026-03-27T04:30:14.461Z] Checked if tokens are valid: true, expires at: 1774589412947
[debug] [2026-03-27T04:30:14.462Z] Checked if tokens are valid: true, expires at: 1774589412947
[debug] [2026-03-27T04:30:14.462Z] Checked if tokens are valid: true, expires at: 1774589412947
[debug] [2026-03-27T04:30:14.462Z] Checked if tokens are valid: true, expires at: 1774589412947
[debug] [2026-03-27T04:30:14.462Z] Checked if tokens are valid: true, expires at: 1774589412947
[debug] [2026-03-27T04:30:14.462Z] Checked if tokens are valid: true, expires at: 1774589412947
[debug] [2026-03-27T04:30:14.462Z] Checked if tokens are valid: true, expires at: 1774589412947
[debug] [2026-03-27T04:30:14.466Z] Checked if tokens are valid: true, expires at: 1774589412947
[debug] [2026-03-27T04:30:14.466Z] Checked if tokens are valid: true, expires at: 1774589412947
[debug] [2026-03-27T04:30:14.466Z] Checked if tokens are valid: true, expires at: 1774589412947
[debug] [2026-03-27T04:30:14.466Z] Checked if tokens are valid: true, expires at: 1774589412947
[debug] [2026-03-27T04:30:14.466Z] >>> [apiv2][query] GET https://serviceusage.googleapis.com/v1/projects/bubble-pop-shoot-bubbles/services/firestore.googleapis.com [none]
[debug] [2026-03-27T04:30:14.466Z] >>> [apiv2][(partial)header] GET https://serviceusage.googleapis.com/v1/projects/bubble-pop-shoot-bubbles/services/firestore.googleapis.com  x-goog-user-project=bubble-pop-shoot-bubbles
[debug] [2026-03-27T04:30:14.467Z] >>> [apiv2][query] GET https://serviceusage.googleapis.com/v1/projects/bubble-pop-shoot-bubbles/services/storage.googleapis.com [none]
[debug] [2026-03-27T04:30:14.467Z] >>> [apiv2][(partial)header] GET https://serviceusage.googleapis.com/v1/projects/bubble-pop-shoot-bubbles/services/storage.googleapis.com  x-goog-user-project=bubble-pop-shoot-bubbles
[debug] [2026-03-27T04:30:14.467Z] >>> [apiv2][query] GET https://serviceusage.googleapis.com/v1/projects/bubble-pop-shoot-bubbles/services/firebasedataconnect.googleapis.com [none]
[debug] [2026-03-27T04:30:14.467Z] >>> [apiv2][(partial)header] GET https://serviceusage.googleapis.com/v1/projects/bubble-pop-shoot-bubbles/services/firebasedataconnect.googleapis.com  x-goog-user-project=bubble-pop-shoot-bubbles
[debug] [2026-03-27T04:30:14.467Z] >>> [apiv2][query] GET https://serviceusage.googleapis.com/v1/projects/bubble-pop-shoot-bubbles/services/identitytoolkit.googleapis.com [none]
[debug] [2026-03-27T04:30:14.467Z] >>> [apiv2][(partial)header] GET https://serviceusage.googleapis.com/v1/projects/bubble-pop-shoot-bubbles/services/identitytoolkit.googleapis.com  x-goog-user-project=bubble-pop-shoot-bubbles
[debug] [2026-03-27T04:30:14.467Z] >>> [apiv2][query] GET https://serviceusage.googleapis.com/v1/projects/bubble-pop-shoot-bubbles/services/fcm.googleapis.com [none]
[debug] [2026-03-27T04:30:14.468Z] >>> [apiv2][(partial)header] GET https://serviceusage.googleapis.com/v1/projects/bubble-pop-shoot-bubbles/services/fcm.googleapis.com  x-goog-user-project=bubble-pop-shoot-bubbles
[debug] [2026-03-27T04:30:14.468Z] >>> [apiv2][query] GET https://serviceusage.googleapis.com/v1/projects/bubble-pop-shoot-bubbles/services/cloudfunctions.googleapis.com [none]
[debug] [2026-03-27T04:30:14.468Z] >>> [apiv2][(partial)header] GET https://serviceusage.googleapis.com/v1/projects/bubble-pop-shoot-bubbles/services/cloudfunctions.googleapis.com  x-goog-user-project=bubble-pop-shoot-bubbles
[debug] [2026-03-27T04:30:14.468Z] >>> [apiv2][query] GET https://serviceusage.googleapis.com/v1/projects/bubble-pop-shoot-bubbles/services/firebaseremoteconfig.googleapis.com [none]
[debug] [2026-03-27T04:30:14.468Z] >>> [apiv2][(partial)header] GET https://serviceusage.googleapis.com/v1/projects/bubble-pop-shoot-bubbles/services/firebaseremoteconfig.googleapis.com  x-goog-user-project=bubble-pop-shoot-bubbles
[debug] [2026-03-27T04:30:14.468Z] >>> [apiv2][query] GET https://serviceusage.googleapis.com/v1/projects/bubble-pop-shoot-bubbles/services/firebaseapphosting.googleapis.com [none]
[debug] [2026-03-27T04:30:14.468Z] >>> [apiv2][(partial)header] GET https://serviceusage.googleapis.com/v1/projects/bubble-pop-shoot-bubbles/services/firebaseapphosting.googleapis.com  x-goog-user-project=bubble-pop-shoot-bubbles
[debug] [2026-03-27T04:30:14.469Z] >>> [apiv2][query] GET https://serviceusage.googleapis.com/v1/projects/bubble-pop-shoot-bubbles/services/firebaseio.com [none]
[debug] [2026-03-27T04:30:14.469Z] >>> [apiv2][(partial)header] GET https://serviceusage.googleapis.com/v1/projects/bubble-pop-shoot-bubbles/services/firebaseio.com  x-goog-user-project=bubble-pop-shoot-bubbles
[debug] [2026-03-27T04:30:15.786Z] <<< [apiv2][status] GET https://serviceusage.googleapis.com/v1/projects/bubble-pop-shoot-bubbles/services/identitytoolkit.googleapis.com 403
[debug] [2026-03-27T04:30:15.786Z] <<< [apiv2][body] GET https://serviceusage.googleapis.com/v1/projects/bubble-pop-shoot-bubbles/services/identitytoolkit.googleapis.com [omitted]
[debug] [2026-03-27T04:30:15.788Z] <<< [apiv2][status] GET https://serviceusage.googleapis.com/v1/projects/bubble-pop-shoot-bubbles/services/identitytoolkit.googleapis.com 403
[debug] [2026-03-27T04:30:15.788Z] <<< [apiv2][body] GET https://serviceusage.googleapis.com/v1/projects/bubble-pop-shoot-bubbles/services/identitytoolkit.googleapis.com [omitted]
[debug] [2026-03-27T04:30:15.789Z] <<< [apiv2][status] GET https://serviceusage.googleapis.com/v1/projects/bubble-pop-shoot-bubbles/services/firebaseio.com 403
[debug] [2026-03-27T04:30:15.789Z] <<< [apiv2][body] GET https://serviceusage.googleapis.com/v1/projects/bubble-pop-shoot-bubbles/services/firebaseio.com [omitted]
[debug] [2026-03-27T04:30:15.790Z] <<< [apiv2][status] GET https://serviceusage.googleapis.com/v1/projects/bubble-pop-shoot-bubbles/services/storage.googleapis.com 403
[debug] [2026-03-27T04:30:15.790Z] <<< [apiv2][body] GET https://serviceusage.googleapis.com/v1/projects/bubble-pop-shoot-bubbles/services/storage.googleapis.com [omitted]
[debug] [2026-03-27T04:30:15.793Z] <<< [apiv2][status] GET https://serviceusage.googleapis.com/v1/projects/bubble-pop-shoot-bubbles/services/firebaseremoteconfig.googleapis.com 403
[debug] [2026-03-27T04:30:15.793Z] <<< [apiv2][body] GET https://serviceusage.googleapis.com/v1/projects/bubble-pop-shoot-bubbles/services/firebaseremoteconfig.googleapis.com [omitted]
[debug] [2026-03-27T04:30:15.794Z] <<< [apiv2][status] GET https://serviceusage.googleapis.com/v1/projects/bubble-pop-shoot-bubbles/services/firebaseio.com 403
[debug] [2026-03-27T04:30:15.794Z] <<< [apiv2][body] GET https://serviceusage.googleapis.com/v1/projects/bubble-pop-shoot-bubbles/services/firebaseio.com [omitted]
[debug] [2026-03-27T04:30:15.794Z] <<< [apiv2][status] GET https://serviceusage.googleapis.com/v1/projects/bubble-pop-shoot-bubbles/services/firebasedataconnect.googleapis.com 403
[debug] [2026-03-27T04:30:15.794Z] <<< [apiv2][body] GET https://serviceusage.googleapis.com/v1/projects/bubble-pop-shoot-bubbles/services/firebasedataconnect.googleapis.com [omitted]
[debug] [2026-03-27T04:30:15.795Z] <<< [apiv2][status] GET https://serviceusage.googleapis.com/v1/projects/bubble-pop-shoot-bubbles/services/firestore.googleapis.com 403
[debug] [2026-03-27T04:30:15.795Z] <<< [apiv2][body] GET https://serviceusage.googleapis.com/v1/projects/bubble-pop-shoot-bubbles/services/firestore.googleapis.com [omitted]
[debug] [2026-03-27T04:30:15.795Z] <<< [apiv2][status] GET https://serviceusage.googleapis.com/v1/projects/bubble-pop-shoot-bubbles/services/firebaseapphosting.googleapis.com 403
[debug] [2026-03-27T04:30:15.795Z] <<< [apiv2][body] GET https://serviceusage.googleapis.com/v1/projects/bubble-pop-shoot-bubbles/services/firebaseapphosting.googleapis.com [omitted]
[debug] [2026-03-27T04:30:15.795Z] <<< [apiv2][status] GET https://serviceusage.googleapis.com/v1/projects/bubble-pop-shoot-bubbles/services/cloudfunctions.googleapis.com 403
[debug] [2026-03-27T04:30:15.795Z] <<< [apiv2][status] GET https://serviceusage.googleapis.com/v1/projects/bubble-pop-shoot-bubbles/services/firebaseremoteconfig.googleapis.com 403
[debug] [2026-03-27T04:30:15.795Z] <<< [apiv2][body] GET https://serviceusage.googleapis.com/v1/projects/bubble-pop-shoot-bubbles/services/cloudfunctions.googleapis.com [omitted]
[debug] [2026-03-27T04:30:15.795Z] <<< [apiv2][status] GET https://serviceusage.googleapis.com/v1/projects/bubble-pop-shoot-bubbles/services/fcm.googleapis.com 403
[debug] [2026-03-27T04:30:15.795Z] <<< [apiv2][body] GET https://serviceusage.googleapis.com/v1/projects/bubble-pop-shoot-bubbles/services/fcm.googleapis.com [omitted]
[debug] [2026-03-27T04:30:15.795Z] <<< [apiv2][body] GET https://serviceusage.googleapis.com/v1/projects/bubble-pop-shoot-bubbles/services/firebaseremoteconfig.googleapis.com [omitted]
[debug] [2026-03-27T04:30:15.795Z] <<< [apiv2][status] GET https://serviceusage.googleapis.com/v1/projects/bubble-pop-shoot-bubbles/services/firestore.googleapis.com 403
[debug] [2026-03-27T04:30:15.796Z] <<< [apiv2][body] GET https://serviceusage.googleapis.com/v1/projects/bubble-pop-shoot-bubbles/services/firestore.googleapis.com [omitted]
[debug] [2026-03-27T04:30:15.797Z] <<< [apiv2][status] GET https://serviceusage.googleapis.com/v1/projects/bubble-pop-shoot-bubbles/services/storage.googleapis.com 403
[debug] [2026-03-27T04:30:15.797Z] <<< [apiv2][body] GET https://serviceusage.googleapis.com/v1/projects/bubble-pop-shoot-bubbles/services/storage.googleapis.com [omitted]
[debug] [2026-03-27T04:30:15.797Z] <<< [apiv2][status] GET https://serviceusage.googleapis.com/v1/projects/bubble-pop-shoot-bubbles/services/fcm.googleapis.com 403
[debug] [2026-03-27T04:30:15.798Z] <<< [apiv2][body] GET https://serviceusage.googleapis.com/v1/projects/bubble-pop-shoot-bubbles/services/fcm.googleapis.com [omitted]
[debug] [2026-03-27T04:30:15.807Z] <<< [apiv2][status] GET https://serviceusage.googleapis.com/v1/projects/bubble-pop-shoot-bubbles/services/cloudfunctions.googleapis.com 403
[debug] [2026-03-27T04:30:15.807Z] <<< [apiv2][body] GET https://serviceusage.googleapis.com/v1/projects/bubble-pop-shoot-bubbles/services/cloudfunctions.googleapis.com [omitted]
[debug] [2026-03-27T04:30:15.808Z] <<< [apiv2][status] GET https://serviceusage.googleapis.com/v1/projects/bubble-pop-shoot-bubbles/services/firebasedataconnect.googleapis.com 403
[debug] [2026-03-27T04:30:15.808Z] <<< [apiv2][body] GET https://serviceusage.googleapis.com/v1/projects/bubble-pop-shoot-bubbles/services/firebasedataconnect.googleapis.com [omitted]
[debug] [2026-03-27T04:30:15.812Z] > command requires scopes: ["email","openid","https://www.googleapis.com/auth/cloudplatformprojects.readonly","https://www.googleapis.com/auth/firebase","https://www.googleapis.com/auth/cloud-platform"]
[debug] [2026-03-27T04:30:15.812Z] > authorizing via signed-in user (kssong@puzzleone.com)
[debug] [2026-03-27T04:30:15.812Z] Checked if tokens are valid: true, expires at: 1774589412947
[debug] [2026-03-27T04:30:15.812Z] Checked if tokens are valid: true, expires at: 1774589412947
[debug] [2026-03-27T04:30:15.812Z] >>> [apiv2][query] GET https://cloudbilling.googleapis.com/v1/projects/bubble-pop-shoot-bubbles/billingInfo [none]
[debug] [2026-03-27T04:30:15.894Z] <<< [apiv2][status] GET https://serviceusage.googleapis.com/v1/projects/bubble-pop-shoot-bubbles/services/firebaseapphosting.googleapis.com 403
[debug] [2026-03-27T04:30:15.894Z] <<< [apiv2][body] GET https://serviceusage.googleapis.com/v1/projects/bubble-pop-shoot-bubbles/services/firebaseapphosting.googleapis.com [omitted]
[debug] [2026-03-27T04:30:15.901Z] > command requires scopes: ["email","openid","https://www.googleapis.com/auth/cloudplatformprojects.readonly","https://www.googleapis.com/auth/firebase","https://www.googleapis.com/auth/cloud-platform"]
[debug] [2026-03-27T04:30:15.901Z] > authorizing via signed-in user (kssong@puzzleone.com)
[debug] [2026-03-27T04:30:15.901Z] Checked if tokens are valid: true, expires at: 1774589412879
[debug] [2026-03-27T04:30:15.901Z] Checked if tokens are valid: true, expires at: 1774589412879
[debug] [2026-03-27T04:30:15.902Z] >>> [apiv2][query] GET https://cloudbilling.googleapis.com/v1/projects/bubble-pop-shoot-bubbles/billingInfo [none]
[debug] [2026-03-27T04:30:16.170Z] <<< [apiv2][status] GET https://cloudbilling.googleapis.com/v1/projects/bubble-pop-shoot-bubbles/billingInfo 200
[debug] [2026-03-27T04:30:16.170Z] <<< [apiv2][body] GET https://cloudbilling.googleapis.com/v1/projects/bubble-pop-shoot-bubbles/billingInfo {"name":"projects/bubble-pop-shoot-bubbles/billingInfo","projectId":"bubble-pop-shoot-bubbles","billingAccountName":"billingAccounts/0178F5-FA5BEF-DFFF78","billingEnabled":true}
[debug] [2026-03-27T04:30:16.172Z] > command requires scopes: ["email","openid","https://www.googleapis.com/auth/cloudplatformprojects.readonly","https://www.googleapis.com/auth/firebase","https://www.googleapis.com/auth/cloud-platform"]
[debug] [2026-03-27T04:30:16.173Z] > authorizing via signed-in user (kssong@puzzleone.com)
[debug] [2026-03-27T04:30:16.178Z] > command requires scopes: ["email","openid","https://www.googleapis.com/auth/cloudplatformprojects.readonly","https://www.googleapis.com/auth/firebase","https://www.googleapis.com/auth/cloud-platform"]
[debug] [2026-03-27T04:30:16.178Z] > authorizing via signed-in user (kssong@puzzleone.com)
[debug] [2026-03-27T04:30:16.179Z] Checked if tokens are valid: true, expires at: 1774589412879
[debug] [2026-03-27T04:30:16.179Z] Checked if tokens are valid: true, expires at: 1774589412879
[debug] [2026-03-27T04:30:16.179Z] >>> [apiv2][query] GET https://cloudbilling.googleapis.com/v1/projects/bubble-pop-shoot-bubbles/billingInfo [none]
[debug] [2026-03-27T04:30:16.470Z] <<< [apiv2][status] GET https://cloudbilling.googleapis.com/v1/projects/bubble-pop-shoot-bubbles/billingInfo 200
[debug] [2026-03-27T04:30:16.470Z] <<< [apiv2][body] GET https://cloudbilling.googleapis.com/v1/projects/bubble-pop-shoot-bubbles/billingInfo {"name":"projects/bubble-pop-shoot-bubbles/billingInfo","projectId":"bubble-pop-shoot-bubbles","billingAccountName":"billingAccounts/0178F5-FA5BEF-DFFF78","billingEnabled":true}
[debug] [2026-03-27T04:30:16.473Z] > command requires scopes: ["email","openid","https://www.googleapis.com/auth/cloudplatformprojects.readonly","https://www.googleapis.com/auth/firebase","https://www.googleapis.com/auth/cloud-platform"]
[debug] [2026-03-27T04:30:16.473Z] > authorizing via signed-in user (kssong@puzzleone.com)
[debug] [2026-03-27T04:30:17.029Z] <<< [apiv2][status] GET https://cloudbilling.googleapis.com/v1/projects/bubble-pop-shoot-bubbles/billingInfo 200
[debug] [2026-03-27T04:30:17.029Z] <<< [apiv2][body] GET https://cloudbilling.googleapis.com/v1/projects/bubble-pop-shoot-bubbles/billingInfo {"name":"projects/bubble-pop-shoot-bubbles/billingInfo","projectId":"bubble-pop-shoot-bubbles","billingAccountName":"billingAccounts/0178F5-FA5BEF-DFFF78","billingEnabled":true}
[debug] [2026-03-27T04:30:17.038Z] > command requires scopes: ["email","openid","https://www.googleapis.com/auth/cloudplatformprojects.readonly","https://www.googleapis.com/auth/firebase","https://www.googleapis.com/auth/cloud-platform"]
[debug] [2026-03-27T04:30:17.038Z] > authorizing via signed-in user (kssong@puzzleone.com)
[debug] [2026-03-27T04:30:17.050Z] > command requires scopes: ["email","openid","https://www.googleapis.com/auth/cloudplatformprojects.readonly","https://www.googleapis.com/auth/firebase","https://www.googleapis.com/auth/cloud-platform"]
[debug] [2026-03-27T04:30:17.050Z] > authorizing via signed-in user (kssong@puzzleone.com)
[debug] [2026-03-27T04:30:17.051Z] Checked if tokens are valid: true, expires at: 1774589412947
[debug] [2026-03-27T04:30:17.051Z] Checked if tokens are valid: true, expires at: 1774589412947
[debug] [2026-03-27T04:30:17.051Z] >>> [apiv2][query] GET https://cloudbilling.googleapis.com/v1/projects/bubble-pop-shoot-bubbles/billingInfo [none]
[debug] [2026-03-27T04:30:17.331Z] <<< [apiv2][status] GET https://cloudbilling.googleapis.com/v1/projects/bubble-pop-shoot-bubbles/billingInfo 200
[debug] [2026-03-27T04:30:17.331Z] <<< [apiv2][body] GET https://cloudbilling.googleapis.com/v1/projects/bubble-pop-shoot-bubbles/billingInfo {"name":"projects/bubble-pop-shoot-bubbles/billingInfo","projectId":"bubble-pop-shoot-bubbles","billingAccountName":"billingAccounts/0178F5-FA5BEF-DFFF78","billingEnabled":true}
[debug] [2026-03-27T04:30:17.338Z] > command requires scopes: ["email","openid","https://www.googleapis.com/auth/cloudplatformprojects.readonly","https://www.googleapis.com/auth/firebase","https://www.googleapis.com/auth/cloud-platform"]
[debug] [2026-03-27T04:30:17.339Z] > authorizing via signed-in user (kssong@puzzleone.com)
